TN:
SF:src\presentation\helpers\http-response.js
FN:5,badRequest
FN:11,serverError
FN:17,unauthorizedError
FN:23,ok
FNF:4
FNH:4
FNDA:2,badRequest
FNDA:4,serverError
FNDA:1,unauthorizedError
FNDA:2,ok
DA:1,1
DA:2,1
DA:3,1
DA:4,1
DA:5,1
DA:6,2
DA:7,2
DA:8,2
DA:9,2
DA:10,2
DA:11,1
DA:12,4
DA:13,4
DA:14,4
DA:15,4
DA:16,4
DA:17,1
DA:18,1
DA:19,1
DA:20,1
DA:21,1
DA:22,1
DA:23,1
DA:24,2
DA:25,2
DA:26,2
DA:27,2
DA:28,2
DA:29,1
LF:29
LH:29
BRDA:5,0,0,2
BRDA:11,1,0,4
BRDA:17,2,0,1
BRDA:23,3,0,2
BRF:4
BRH:4
end_of_record
TN:
SF:src\presentation\helpers\missing-param-error.js
FN:2,MissingParamError
FNF:1
FNH:1
FNDA:4,MissingParamError
DA:1,1
DA:2,1
DA:3,4
DA:4,4
DA:5,4
DA:6,1
LF:6
LH:6
BRDA:2,0,0,4
BRF:1
BRH:1
end_of_record
TN:
SF:src\presentation\helpers\server-error.js
FN:2,ServerError
FNF:1
FNH:1
FNDA:5,ServerError
DA:1,1
DA:2,1
DA:3,5
DA:4,5
DA:5,5
DA:6,1
LF:6
LH:6
BRDA:2,0,0,5
BRF:1
BRH:1
end_of_record
TN:
SF:src\presentation\helpers\unauthorized-error.js
FN:2,UnauthorizedError
FNF:1
FNH:1
FNDA:2,UnauthorizedError
DA:1,1
DA:2,1
DA:3,2
DA:4,2
DA:5,2
DA:6,1
LF:6
LH:6
BRDA:2,0,0,2
BRF:1
BRH:1
end_of_record
TN:
SF:src\presentation\routers\login-router.js
FN:4,LoginRouter
FN:8,route
FNF:2
FNH:2
FNDA:9,LoginRouter
FNDA:9,route
DA:1,1
DA:2,1
DA:3,1
DA:4,1
DA:5,9
DA:6,9
DA:7,1
DA:8,1
DA:9,9
DA:10,9
DA:11,9
DA:12,1
DA:13,1
DA:14,9
DA:15,1
DA:16,1
DA:17,5
DA:18,9
DA:19,2
DA:20,2
DA:21,9
DA:22,4
DA:23,4
DA:24,9
DA:25,1
LF:25
LH:25
BRDA:4,0,0,9
BRDA:8,1,0,9
BRDA:11,2,0,1
BRDA:13,3,0,6
BRDA:14,4,0,1
BRDA:16,5,0,5
BRDA:18,6,0,1
BRDA:18,7,0,2
BRDA:21,8,0,4
BRF:9
BRH:9
end_of_record
